Terminales no usados en la gramática

    TOKEN_NOT
    TOKEN_AND
    TOKEN_OR
    TOKEN_BICOND
    TOKEN_ARROW
    TOKEN_DIFFERENT
    TOKEN_FOR
    TOKEN_WHILE
    TOKEN_FUNC_DEF
    TOKEN_RETURN
    TOKEN_COMMA


Estado 2 conflictos: 1 desplazamiento/reducción
Estado 37 conflictos: 9 desplazamiento/reducción
Estado 38 conflictos: 9 desplazamiento/reducción
Estado 39 conflictos: 9 desplazamiento/reducción
Estado 40 conflictos: 9 desplazamiento/reducción
Estado 41 conflictos: 9 desplazamiento/reducción
Estado 42 conflictos: 5 desplazamiento/reducción
Estado 43 conflictos: 5 desplazamiento/reducción
Estado 44 conflictos: 5 desplazamiento/reducción
Estado 45 conflictos: 5 desplazamiento/reducción


Gramática

    0 $accept: program $end

    1 program: declarations statements

    2 declarations: ε
    3             | declarations declaration TOKEN_LINEBREAK

    4 declaration: TOKEN_IDENTIFIER TOKEN_COLON TOKEN_TYPE TOKEN_ASSIGN expression
    5            | TOKEN_IDENTIFIER TOKEN_COLON TOKEN_TYPE

    6 statements: ε
    7           | statements statement TOKEN_LINEBREAK

    8 statement: control_structure
    9          | TOKEN_IDENTIFIER TOKEN_LPAREN expression TOKEN_RPAREN

   10 control_structure: TOKEN_IF expression TOKEN_COLON TOKEN_LINEBREAK block
   11                  | TOKEN_IF expression TOKEN_COLON TOKEN_LINEBREAK block TOKEN_ELSE TOKEN_COLON TOKEN_LINEBREAK block

   12 block: TOKEN_TAB statements

   13 expression: TOKEN_STRING
   14           | TOKEN_NUMBER
   15           | TOKEN_IDENTIFIER
   16           | expression TOKEN_COMPARE expression
   17           | expression TOKEN_GREATER expression
   18           | expression TOKEN_LESS expression
   19           | expression TOKEN_GREATER_EQUAL expression
   20           | expression TOKEN_LESS_EQUAL expression
   21           | expression TOKEN_PLUS expression
   22           | expression TOKEN_MINUS expression
   23           | expression TOKEN_MULTIPLY expression
   24           | expression TOKEN_DIVIDE expression
   25           | TOKEN_LPAREN expression TOKEN_RPAREN


Terminales con las reglas donde aparecen

    $end (0) 0
    error (256)
    TOKEN_STRING (258) 13
    TOKEN_NOT (259)
    TOKEN_AND (260)
    TOKEN_OR (261)
    TOKEN_TAB (262) 12
    TOKEN_BICOND (263)
    TOKEN_ASSIGN (264) 4
    TOKEN_IDENTIFIER (265) 4 5 9 15
    TOKEN_LPAREN (266) 9 25
    TOKEN_RPAREN (267) 9 25
    TOKEN_ARROW (268)
    TOKEN_COMPARE (269) 16
    TOKEN_DIFFERENT (270)
    TOKEN_IF (271) 10 11
    TOKEN_ELSE (272) 11
    TOKEN_FOR (273)
    TOKEN_WHILE (274)
    TOKEN_FUNC_DEF (275)
    TOKEN_RETURN (276)
    TOKEN_GREATER (277) 17
    TOKEN_LESS (278) 18
    TOKEN_LESS_EQUAL (279) 20
    TOKEN_GREATER_EQUAL (280) 19
    TOKEN_COMMA (281)
    TOKEN_LINEBREAK (282) 3 7 10 11
    TOKEN_PLUS (283) 21
    TOKEN_MINUS (284) 22
    TOKEN_MULTIPLY (285) 23
    TOKEN_DIVIDE (286) 24
    TOKEN_NUMBER (287) 14
    TOKEN_COLON (288) 4 5 10 11
    TOKEN_TYPE (289) 4 5


No terminales con las reglas donde aparecen

    $accept (35)
        on left: 0
    program (36)
        on left: 1
        on right: 0
    declarations (37)
        on left: 2 3
        on right: 1 3
    declaration (38)
        on left: 4 5
        on right: 3
    statements (39)
        on left: 6 7
        on right: 1 7 12
    statement (40)
        on left: 8 9
        on right: 7
    control_structure (41)
        on left: 10 11
        on right: 8
    block (42)
        on left: 12
        on right: 10 11
    expression (43)
        on left: 13 14 15 16 17 18 19 20 21 22 23 24 25
        on right: 4 9 10 11 16 17 18 19 20 21 22 23 24 25


Estado 0

    0 $accept: • program $end

    $default  reduce usando la regla 2 (declarations)

    program       ir al estado 1
    declarations  ir al estado 2


Estado 1

    0 $accept: program • $end

    $end  desplazar e ir al estado 3


Estado 2

    1 program: declarations • statements
    3 declarations: declarations • declaration TOKEN_LINEBREAK

    TOKEN_IDENTIFIER  desplazar e ir al estado 4

    TOKEN_IDENTIFIER  [reduce usando la regla 6 (statements)]
    $default          reduce usando la regla 6 (statements)

    declaration  ir al estado 5
    statements   ir al estado 6

    shift/reduce conflict on token TOKEN_IDENTIFIER:
        6 statements: ε •
        4 declaration: • TOKEN_IDENTIFIER TOKEN_COLON TOKEN_TYPE TOKEN_ASSIGN expression
      First example: declarations • TOKEN_IDENTIFIER TOKEN_COLON TOKEN_TYPE TOKEN_ASSIGN expression TOKEN_LINEBREAK statements $end
      Shift derivation
        $accept
        ↳ 0: program                                                                                                                  $end
             ↳ 1: declarations                                                                                             statements
                  ↳ 3: declarations declaration                                                            TOKEN_LINEBREAK
                                    ↳ 4: • TOKEN_IDENTIFIER TOKEN_COLON TOKEN_TYPE TOKEN_ASSIGN expression
      Second example: declarations • TOKEN_IDENTIFIER TOKEN_LPAREN expression TOKEN_RPAREN TOKEN_LINEBREAK $end
      Reduce derivation
        $accept
        ↳ 0: program                                                                                                      $end
             ↳ 1: declarations statements
                               ↳ 7: statements statement                                                  TOKEN_LINEBREAK
                                    ↳ 6: ε •   ↳ 9: TOKEN_IDENTIFIER TOKEN_LPAREN expression TOKEN_RPAREN

    shift/reduce conflict on token TOKEN_IDENTIFIER:
        6 statements: ε •
        5 declaration: • TOKEN_IDENTIFIER TOKEN_COLON TOKEN_TYPE
      First example: declarations • TOKEN_IDENTIFIER TOKEN_COLON TOKEN_TYPE TOKEN_LINEBREAK statements $end
      Shift derivation
        $accept
        ↳ 0: program                                                                                          $end
             ↳ 1: declarations                                                                     statements
                  ↳ 3: declarations declaration                                    TOKEN_LINEBREAK
                                    ↳ 5: • TOKEN_IDENTIFIER TOKEN_COLON TOKEN_TYPE
      Second example: declarations • TOKEN_IDENTIFIER TOKEN_LPAREN expression TOKEN_RPAREN TOKEN_LINEBREAK $end
      Reduce derivation
        $accept
        ↳ 0: program                                                                                                      $end
             ↳ 1: declarations statements
                               ↳ 7: statements statement                                                  TOKEN_LINEBREAK
                                    ↳ 6: ε •   ↳ 9: TOKEN_IDENTIFIER TOKEN_LPAREN expression TOKEN_RPAREN



Estado 3

    0 $accept: program $end •

    $default  aceptar


Estado 4

    4 declaration: TOKEN_IDENTIFIER • TOKEN_COLON TOKEN_TYPE TOKEN_ASSIGN expression
    5            | TOKEN_IDENTIFIER • TOKEN_COLON TOKEN_TYPE

    TOKEN_COLON  desplazar e ir al estado 7


Estado 5

    3 declarations: declarations declaration • TOKEN_LINEBREAK

    TOKEN_LINEBREAK  desplazar e ir al estado 8


Estado 6

    1 program: declarations statements •
    7 statements: statements • statement TOKEN_LINEBREAK

    TOKEN_IDENTIFIER  desplazar e ir al estado 9
    TOKEN_IF          desplazar e ir al estado 10

    $default  reduce usando la regla 1 (program)

    statement          ir al estado 11
    control_structure  ir al estado 12


Estado 7

    4 declaration: TOKEN_IDENTIFIER TOKEN_COLON • TOKEN_TYPE TOKEN_ASSIGN expression
    5            | TOKEN_IDENTIFIER TOKEN_COLON • TOKEN_TYPE

    TOKEN_TYPE  desplazar e ir al estado 13


Estado 8

    3 declarations: declarations declaration TOKEN_LINEBREAK •

    $default  reduce usando la regla 3 (declarations)


Estado 9

    9 statement: TOKEN_IDENTIFIER • TOKEN_LPAREN expression TOKEN_RPAREN

    TOKEN_LPAREN  desplazar e ir al estado 14


Estado 10

   10 control_structure: TOKEN_IF • expression TOKEN_COLON TOKEN_LINEBREAK block
   11                  | TOKEN_IF • expression TOKEN_COLON TOKEN_LINEBREAK block TOKEN_ELSE TOKEN_COLON TOKEN_LINEBREAK block

    TOKEN_STRING      desplazar e ir al estado 15
    TOKEN_IDENTIFIER  desplazar e ir al estado 16
    TOKEN_LPAREN      desplazar e ir al estado 17
    TOKEN_NUMBER      desplazar e ir al estado 18

    expression  ir al estado 19


Estado 11

    7 statements: statements statement • TOKEN_LINEBREAK

    TOKEN_LINEBREAK  desplazar e ir al estado 20


Estado 12

    8 statement: control_structure •

    $default  reduce usando la regla 8 (statement)


Estado 13

    4 declaration: TOKEN_IDENTIFIER TOKEN_COLON TOKEN_TYPE • TOKEN_ASSIGN expression
    5            | TOKEN_IDENTIFIER TOKEN_COLON TOKEN_TYPE •

    TOKEN_ASSIGN  desplazar e ir al estado 21

    $default  reduce usando la regla 5 (declaration)


Estado 14

    9 statement: TOKEN_IDENTIFIER TOKEN_LPAREN • expression TOKEN_RPAREN

    TOKEN_STRING      desplazar e ir al estado 15
    TOKEN_IDENTIFIER  desplazar e ir al estado 16
    TOKEN_LPAREN      desplazar e ir al estado 17
    TOKEN_NUMBER      desplazar e ir al estado 18

    expression  ir al estado 22


Estado 15

   13 expression: TOKEN_STRING •

    $default  reduce usando la regla 13 (expression)


Estado 16

   15 expression: TOKEN_IDENTIFIER •

    $default  reduce usando la regla 15 (expression)


Estado 17

   25 expression: TOKEN_LPAREN • expression TOKEN_RPAREN

    TOKEN_STRING      desplazar e ir al estado 15
    TOKEN_IDENTIFIER  desplazar e ir al estado 16
    TOKEN_LPAREN      desplazar e ir al estado 17
    TOKEN_NUMBER      desplazar e ir al estado 18

    expression  ir al estado 23


Estado 18

   14 expression: TOKEN_NUMBER •

    $default  reduce usando la regla 14 (expression)


Estado 19

   10 control_structure: TOKEN_IF expression • TOKEN_COLON TOKEN_LINEBREAK block
   11                  | TOKEN_IF expression • TOKEN_COLON TOKEN_LINEBREAK block TOKEN_ELSE TOKEN_COLON TOKEN_LINEBREAK block
   16 expression: expression • TOKEN_COMPARE expression
   17           | expression • TOKEN_GREATER expression
   18           | expression • TOKEN_LESS expression
   19           | expression • TOKEN_GREATER_EQUAL expression
   20           | expression • TOKEN_LESS_EQUAL expression
   21           | expression • TOKEN_PLUS expression
   22           | expression • TOKEN_MINUS expression
   23           | expression • TOKEN_MULTIPLY expression
   24           | expression • TOKEN_DIVIDE expression

    TOKEN_COMPARE        desplazar e ir al estado 24
    TOKEN_GREATER        desplazar e ir al estado 25
    TOKEN_LESS           desplazar e ir al estado 26
    TOKEN_LESS_EQUAL     desplazar e ir al estado 27
    TOKEN_GREATER_EQUAL  desplazar e ir al estado 28
    TOKEN_PLUS           desplazar e ir al estado 29
    TOKEN_MINUS          desplazar e ir al estado 30
    TOKEN_MULTIPLY       desplazar e ir al estado 31
    TOKEN_DIVIDE         desplazar e ir al estado 32
    TOKEN_COLON          desplazar e ir al estado 33


Estado 20

    7 statements: statements statement TOKEN_LINEBREAK •

    $default  reduce usando la regla 7 (statements)


Estado 21

    4 declaration: TOKEN_IDENTIFIER TOKEN_COLON TOKEN_TYPE TOKEN_ASSIGN • expression

    TOKEN_STRING      desplazar e ir al estado 15
    TOKEN_IDENTIFIER  desplazar e ir al estado 16
    TOKEN_LPAREN      desplazar e ir al estado 17
    TOKEN_NUMBER      desplazar e ir al estado 18

    expression  ir al estado 34


Estado 22

    9 statement: TOKEN_IDENTIFIER TOKEN_LPAREN expression • TOKEN_RPAREN
   16 expression: expression • TOKEN_COMPARE expression
   17           | expression • TOKEN_GREATER expression
   18           | expression • TOKEN_LESS expression
   19           | expression • TOKEN_GREATER_EQUAL expression
   20           | expression • TOKEN_LESS_EQUAL expression
   21           | expression • TOKEN_PLUS expression
   22           | expression • TOKEN_MINUS expression
   23           | expression • TOKEN_MULTIPLY expression
   24           | expression • TOKEN_DIVIDE expression

    TOKEN_RPAREN         desplazar e ir al estado 35
    TOKEN_COMPARE        desplazar e ir al estado 24
    TOKEN_GREATER        desplazar e ir al estado 25
    TOKEN_LESS           desplazar e ir al estado 26
    TOKEN_LESS_EQUAL     desplazar e ir al estado 27
    TOKEN_GREATER_EQUAL  desplazar e ir al estado 28
    TOKEN_PLUS           desplazar e ir al estado 29
    TOKEN_MINUS          desplazar e ir al estado 30
    TOKEN_MULTIPLY       desplazar e ir al estado 31
    TOKEN_DIVIDE         desplazar e ir al estado 32


Estado 23

   16 expression: expression • TOKEN_COMPARE expression
   17           | expression • TOKEN_GREATER expression
   18           | expression • TOKEN_LESS expression
   19           | expression • TOKEN_GREATER_EQUAL expression
   20           | expression • TOKEN_LESS_EQUAL expression
   21           | expression • TOKEN_PLUS expression
   22           | expression • TOKEN_MINUS expression
   23           | expression • TOKEN_MULTIPLY expression
   24           | expression • TOKEN_DIVIDE expression
   25           | TOKEN_LPAREN expression • TOKEN_RPAREN

    TOKEN_RPAREN         desplazar e ir al estado 36
    TOKEN_COMPARE        desplazar e ir al estado 24
    TOKEN_GREATER        desplazar e ir al estado 25
    TOKEN_LESS           desplazar e ir al estado 26
    TOKEN_LESS_EQUAL     desplazar e ir al estado 27
    TOKEN_GREATER_EQUAL  desplazar e ir al estado 28
    TOKEN_PLUS           desplazar e ir al estado 29
    TOKEN_MINUS          desplazar e ir al estado 30
    TOKEN_MULTIPLY       desplazar e ir al estado 31
    TOKEN_DIVIDE         desplazar e ir al estado 32


Estado 24

   16 expression: expression TOKEN_COMPARE • expression

    TOKEN_STRING      desplazar e ir al estado 15
    TOKEN_IDENTIFIER  desplazar e ir al estado 16
    TOKEN_LPAREN      desplazar e ir al estado 17
    TOKEN_NUMBER      desplazar e ir al estado 18

    expression  ir al estado 37


Estado 25

   17 expression: expression TOKEN_GREATER • expression

    TOKEN_STRING      desplazar e ir al estado 15
    TOKEN_IDENTIFIER  desplazar e ir al estado 16
    TOKEN_LPAREN      desplazar e ir al estado 17
    TOKEN_NUMBER      desplazar e ir al estado 18

    expression  ir al estado 38


Estado 26

   18 expression: expression TOKEN_LESS • expression

    TOKEN_STRING      desplazar e ir al estado 15
    TOKEN_IDENTIFIER  desplazar e ir al estado 16
    TOKEN_LPAREN      desplazar e ir al estado 17
    TOKEN_NUMBER      desplazar e ir al estado 18

    expression  ir al estado 39


Estado 27

   20 expression: expression TOKEN_LESS_EQUAL • expression

    TOKEN_STRING      desplazar e ir al estado 15
    TOKEN_IDENTIFIER  desplazar e ir al estado 16
    TOKEN_LPAREN      desplazar e ir al estado 17
    TOKEN_NUMBER      desplazar e ir al estado 18

    expression  ir al estado 40


Estado 28

   19 expression: expression TOKEN_GREATER_EQUAL • expression

    TOKEN_STRING      desplazar e ir al estado 15
    TOKEN_IDENTIFIER  desplazar e ir al estado 16
    TOKEN_LPAREN      desplazar e ir al estado 17
    TOKEN_NUMBER      desplazar e ir al estado 18

    expression  ir al estado 41


Estado 29

   21 expression: expression TOKEN_PLUS • expression

    TOKEN_STRING      desplazar e ir al estado 15
    TOKEN_IDENTIFIER  desplazar e ir al estado 16
    TOKEN_LPAREN      desplazar e ir al estado 17
    TOKEN_NUMBER      desplazar e ir al estado 18

    expression  ir al estado 42


Estado 30

   22 expression: expression TOKEN_MINUS • expression

    TOKEN_STRING      desplazar e ir al estado 15
    TOKEN_IDENTIFIER  desplazar e ir al estado 16
    TOKEN_LPAREN      desplazar e ir al estado 17
    TOKEN_NUMBER      desplazar e ir al estado 18

    expression  ir al estado 43


Estado 31

   23 expression: expression TOKEN_MULTIPLY • expression

    TOKEN_STRING      desplazar e ir al estado 15
    TOKEN_IDENTIFIER  desplazar e ir al estado 16
    TOKEN_LPAREN      desplazar e ir al estado 17
    TOKEN_NUMBER      desplazar e ir al estado 18

    expression  ir al estado 44


Estado 32

   24 expression: expression TOKEN_DIVIDE • expression

    TOKEN_STRING      desplazar e ir al estado 15
    TOKEN_IDENTIFIER  desplazar e ir al estado 16
    TOKEN_LPAREN      desplazar e ir al estado 17
    TOKEN_NUMBER      desplazar e ir al estado 18

    expression  ir al estado 45


Estado 33

   10 control_structure: TOKEN_IF expression TOKEN_COLON • TOKEN_LINEBREAK block
   11                  | TOKEN_IF expression TOKEN_COLON • TOKEN_LINEBREAK block TOKEN_ELSE TOKEN_COLON TOKEN_LINEBREAK block

    TOKEN_LINEBREAK  desplazar e ir al estado 46


Estado 34

    4 declaration: TOKEN_IDENTIFIER TOKEN_COLON TOKEN_TYPE TOKEN_ASSIGN expression •
   16 expression: expression • TOKEN_COMPARE expression
   17           | expression • TOKEN_GREATER expression
   18           | expression • TOKEN_LESS expression
   19           | expression • TOKEN_GREATER_EQUAL expression
   20           | expression • TOKEN_LESS_EQUAL expression
   21           | expression • TOKEN_PLUS expression
   22           | expression • TOKEN_MINUS expression
   23           | expression • TOKEN_MULTIPLY expression
   24           | expression • TOKEN_DIVIDE expression

    TOKEN_COMPARE        desplazar e ir al estado 24
    TOKEN_GREATER        desplazar e ir al estado 25
    TOKEN_LESS           desplazar e ir al estado 26
    TOKEN_LESS_EQUAL     desplazar e ir al estado 27
    TOKEN_GREATER_EQUAL  desplazar e ir al estado 28
    TOKEN_PLUS           desplazar e ir al estado 29
    TOKEN_MINUS          desplazar e ir al estado 30
    TOKEN_MULTIPLY       desplazar e ir al estado 31
    TOKEN_DIVIDE         desplazar e ir al estado 32

    $default  reduce usando la regla 4 (declaration)


Estado 35

    9 statement: TOKEN_IDENTIFIER TOKEN_LPAREN expression TOKEN_RPAREN •

    $default  reduce usando la regla 9 (statement)


Estado 36

   25 expression: TOKEN_LPAREN expression TOKEN_RPAREN •

    $default  reduce usando la regla 25 (expression)


Estado 37

   16 expression: expression • TOKEN_COMPARE expression
   16           | expression TOKEN_COMPARE expression •
   17           | expression • TOKEN_GREATER expression
   18           | expression • TOKEN_LESS expression
   19           | expression • TOKEN_GREATER_EQUAL expression
   20           | expression • TOKEN_LESS_EQUAL expression
   21           | expression • TOKEN_PLUS expression
   22           | expression • TOKEN_MINUS expression
   23           | expression • TOKEN_MULTIPLY expression
   24           | expression • TOKEN_DIVIDE expression

    TOKEN_COMPARE        desplazar e ir al estado 24
    TOKEN_GREATER        desplazar e ir al estado 25
    TOKEN_LESS           desplazar e ir al estado 26
    TOKEN_LESS_EQUAL     desplazar e ir al estado 27
    TOKEN_GREATER_EQUAL  desplazar e ir al estado 28
    TOKEN_PLUS           desplazar e ir al estado 29
    TOKEN_MINUS          desplazar e ir al estado 30
    TOKEN_MULTIPLY       desplazar e ir al estado 31
    TOKEN_DIVIDE         desplazar e ir al estado 32

    TOKEN_COMPARE        [reduce usando la regla 16 (expression)]
    TOKEN_GREATER        [reduce usando la regla 16 (expression)]
    TOKEN_LESS           [reduce usando la regla 16 (expression)]
    TOKEN_LESS_EQUAL     [reduce usando la regla 16 (expression)]
    TOKEN_GREATER_EQUAL  [reduce usando la regla 16 (expression)]
    TOKEN_PLUS           [reduce usando la regla 16 (expression)]
    TOKEN_MINUS          [reduce usando la regla 16 (expression)]
    TOKEN_MULTIPLY       [reduce usando la regla 16 (expression)]
    TOKEN_DIVIDE         [reduce usando la regla 16 (expression)]
    $default             reduce usando la regla 16 (expression)

    shift/reduce conflict on token TOKEN_COMPARE:
       16 expression: expression TOKEN_COMPARE expression •
       16 expression: expression • TOKEN_COMPARE expression
      Example: expression TOKEN_COMPARE expression • TOKEN_COMPARE expression
      Shift derivation
        expression
        ↳ 16: expression TOKEN_COMPARE expression
                                       ↳ 16: expression • TOKEN_COMPARE expression
      Reduce derivation
        expression
        ↳ 16: expression                                  TOKEN_COMPARE expression
              ↳ 16: expression TOKEN_COMPARE expression •

    shift/reduce conflict on token TOKEN_GREATER:
       16 expression: expression TOKEN_COMPARE expression •
       17 expression: expression • TOKEN_GREATER expression
      Example: expression TOKEN_COMPARE expression • TOKEN_GREATER expression
      Shift derivation
        expression
        ↳ 16: expression TOKEN_COMPARE expression
                                       ↳ 17: expression • TOKEN_GREATER expression
      Reduce derivation
        expression
        ↳ 17: expression                                  TOKEN_GREATER expression
              ↳ 16: expression TOKEN_COMPARE expression •

    shift/reduce conflict on token TOKEN_LESS:
       16 expression: expression TOKEN_COMPARE expression •
       18 expression: expression • TOKEN_LESS expression
      Example: expression TOKEN_COMPARE expression • TOKEN_LESS expression
      Shift derivation
        expression
        ↳ 16: expression TOKEN_COMPARE expression
                                       ↳ 18: expression • TOKEN_LESS expression
      Reduce derivation
        expression
        ↳ 18: expression                                  TOKEN_LESS expression
              ↳ 16: expression TOKEN_COMPARE expression •

    shift/reduce conflict on token TOKEN_GREATER_EQUAL:
       16 expression: expression TOKEN_COMPARE expression •
       19 expression: expression • TOKEN_GREATER_EQUAL expression
      Example: expression TOKEN_COMPARE expression • TOKEN_GREATER_EQUAL expression
      Shift derivation
        expression
        ↳ 16: expression TOKEN_COMPARE expression
                                       ↳ 19: expression • TOKEN_GREATER_EQUAL expression
      Reduce derivation
        expression
        ↳ 19: expression                                  TOKEN_GREATER_EQUAL expression
              ↳ 16: expression TOKEN_COMPARE expression •

    shift/reduce conflict on token TOKEN_LESS_EQUAL:
       16 expression: expression TOKEN_COMPARE expression •
       20 expression: expression • TOKEN_LESS_EQUAL expression
      Example: expression TOKEN_COMPARE expression • TOKEN_LESS_EQUAL expression
      Shift derivation
        expression
        ↳ 16: expression TOKEN_COMPARE expression
                                       ↳ 20: expression • TOKEN_LESS_EQUAL expression
      Reduce derivation
        expression
        ↳ 20: expression                                  TOKEN_LESS_EQUAL expression
              ↳ 16: expression TOKEN_COMPARE expression •

    shift/reduce conflict on token TOKEN_PLUS:
       16 expression: expression TOKEN_COMPARE expression •
       21 expression: expression • TOKEN_PLUS expression
      Example: expression TOKEN_COMPARE expression • TOKEN_PLUS expression
      Shift derivation
        expression
        ↳ 16: expression TOKEN_COMPARE expression
                                       ↳ 21: expression • TOKEN_PLUS expression
      Reduce derivation
        expression
        ↳ 21: expression                                  TOKEN_PLUS expression
              ↳ 16: expression TOKEN_COMPARE expression •

    shift/reduce conflict on token TOKEN_MINUS:
       16 expression: expression TOKEN_COMPARE expression •
       22 expression: expression • TOKEN_MINUS expression
      Example: expression TOKEN_COMPARE expression • TOKEN_MINUS expression
      Shift derivation
        expression
        ↳ 16: expression TOKEN_COMPARE expression
                                       ↳ 22: expression • TOKEN_MINUS expression
      Reduce derivation
        expression
        ↳ 22: expression                                  TOKEN_MINUS expression
              ↳ 16: expression TOKEN_COMPARE expression •

    shift/reduce conflict on token TOKEN_MULTIPLY:
       16 expression: expression TOKEN_COMPARE expression •
       23 expression: expression • TOKEN_MULTIPLY expression
      Example: expression TOKEN_COMPARE expression • TOKEN_MULTIPLY expression
      Shift derivation
        expression
        ↳ 16: expression TOKEN_COMPARE expression
                                       ↳ 23: expression • TOKEN_MULTIPLY expression
      Reduce derivation
        expression
        ↳ 23: expression                                  TOKEN_MULTIPLY expression
              ↳ 16: expression TOKEN_COMPARE expression •

    shift/reduce conflict on token TOKEN_DIVIDE:
       16 expression: expression TOKEN_COMPARE expression •
       24 expression: expression • TOKEN_DIVIDE expression
      Example: expression TOKEN_COMPARE expression • TOKEN_DIVIDE expression
      Shift derivation
        expression
        ↳ 16: expression TOKEN_COMPARE expression
                                       ↳ 24: expression • TOKEN_DIVIDE expression
      Reduce derivation
        expression
        ↳ 24: expression                                  TOKEN_DIVIDE expression
              ↳ 16: expression TOKEN_COMPARE expression •



Estado 38

   16 expression: expression • TOKEN_COMPARE expression
   17           | expression • TOKEN_GREATER expression
   17           | expression TOKEN_GREATER expression •
   18           | expression • TOKEN_LESS expression
   19           | expression • TOKEN_GREATER_EQUAL expression
   20           | expression • TOKEN_LESS_EQUAL expression
   21           | expression • TOKEN_PLUS expression
   22           | expression • TOKEN_MINUS expression
   23           | expression • TOKEN_MULTIPLY expression
   24           | expression • TOKEN_DIVIDE expression

    TOKEN_COMPARE        desplazar e ir al estado 24
    TOKEN_GREATER        desplazar e ir al estado 25
    TOKEN_LESS           desplazar e ir al estado 26
    TOKEN_LESS_EQUAL     desplazar e ir al estado 27
    TOKEN_GREATER_EQUAL  desplazar e ir al estado 28
    TOKEN_PLUS           desplazar e ir al estado 29
    TOKEN_MINUS          desplazar e ir al estado 30
    TOKEN_MULTIPLY       desplazar e ir al estado 31
    TOKEN_DIVIDE         desplazar e ir al estado 32

    TOKEN_COMPARE        [reduce usando la regla 17 (expression)]
    TOKEN_GREATER        [reduce usando la regla 17 (expression)]
    TOKEN_LESS           [reduce usando la regla 17 (expression)]
    TOKEN_LESS_EQUAL     [reduce usando la regla 17 (expression)]
    TOKEN_GREATER_EQUAL  [reduce usando la regla 17 (expression)]
    TOKEN_PLUS           [reduce usando la regla 17 (expression)]
    TOKEN_MINUS          [reduce usando la regla 17 (expression)]
    TOKEN_MULTIPLY       [reduce usando la regla 17 (expression)]
    TOKEN_DIVIDE         [reduce usando la regla 17 (expression)]
    $default             reduce usando la regla 17 (expression)

    shift/reduce conflict on token TOKEN_COMPARE:
       17 expression: expression TOKEN_GREATER expression •
       16 expression: expression • TOKEN_COMPARE expression
      Example: expression TOKEN_GREATER expression • TOKEN_COMPARE expression
      Shift derivation
        expression
        ↳ 17: expression TOKEN_GREATER expression
                                       ↳ 16: expression • TOKEN_COMPARE expression
      Reduce derivation
        expression
        ↳ 16: expression                                  TOKEN_COMPARE expression
              ↳ 17: expression TOKEN_GREATER expression •

    shift/reduce conflict on token TOKEN_GREATER:
       17 expression: expression TOKEN_GREATER expression •
       17 expression: expression • TOKEN_GREATER expression
      Example: expression TOKEN_GREATER expression • TOKEN_GREATER expression
      Shift derivation
        expression
        ↳ 17: expression TOKEN_GREATER expression
                                       ↳ 17: expression • TOKEN_GREATER expression
      Reduce derivation
        expression
        ↳ 17: expression                                  TOKEN_GREATER expression
              ↳ 17: expression TOKEN_GREATER expression •

    shift/reduce conflict on token TOKEN_LESS:
       17 expression: expression TOKEN_GREATER expression •
       18 expression: expression • TOKEN_LESS expression
      Example: expression TOKEN_GREATER expression • TOKEN_LESS expression
      Shift derivation
        expression
        ↳ 17: expression TOKEN_GREATER expression
                                       ↳ 18: expression • TOKEN_LESS expression
      Reduce derivation
        expression
        ↳ 18: expression                                  TOKEN_LESS expression
              ↳ 17: expression TOKEN_GREATER expression •

    shift/reduce conflict on token TOKEN_GREATER_EQUAL:
       17 expression: expression TOKEN_GREATER expression •
       19 expression: expression • TOKEN_GREATER_EQUAL expression
      Example: expression TOKEN_GREATER expression • TOKEN_GREATER_EQUAL expression
      Shift derivation
        expression
        ↳ 17: expression TOKEN_GREATER expression
                                       ↳ 19: expression • TOKEN_GREATER_EQUAL expression
      Reduce derivation
        expression
        ↳ 19: expression                                  TOKEN_GREATER_EQUAL expression
              ↳ 17: expression TOKEN_GREATER expression •

    shift/reduce conflict on token TOKEN_LESS_EQUAL:
       17 expression: expression TOKEN_GREATER expression •
       20 expression: expression • TOKEN_LESS_EQUAL expression
      Example: expression TOKEN_GREATER expression • TOKEN_LESS_EQUAL expression
      Shift derivation
        expression
        ↳ 17: expression TOKEN_GREATER expression
                                       ↳ 20: expression • TOKEN_LESS_EQUAL expression
      Reduce derivation
        expression
        ↳ 20: expression                                  TOKEN_LESS_EQUAL expression
              ↳ 17: expression TOKEN_GREATER expression •

    shift/reduce conflict on token TOKEN_PLUS:
       17 expression: expression TOKEN_GREATER expression •
       21 expression: expression • TOKEN_PLUS expression
      Example: expression TOKEN_GREATER expression • TOKEN_PLUS expression
      Shift derivation
        expression
        ↳ 17: expression TOKEN_GREATER expression
                                       ↳ 21: expression • TOKEN_PLUS expression
      Reduce derivation
        expression
        ↳ 21: expression                                  TOKEN_PLUS expression
              ↳ 17: expression TOKEN_GREATER expression •

    shift/reduce conflict on token TOKEN_MINUS:
       17 expression: expression TOKEN_GREATER expression •
       22 expression: expression • TOKEN_MINUS expression
      Example: expression TOKEN_GREATER expression • TOKEN_MINUS expression
      Shift derivation
        expression
        ↳ 17: expression TOKEN_GREATER expression
                                       ↳ 22: expression • TOKEN_MINUS expression
      Reduce derivation
        expression
        ↳ 22: expression                                  TOKEN_MINUS expression
              ↳ 17: expression TOKEN_GREATER expression •

    shift/reduce conflict on token TOKEN_MULTIPLY:
       17 expression: expression TOKEN_GREATER expression •
       23 expression: expression • TOKEN_MULTIPLY expression
      Example: expression TOKEN_GREATER expression • TOKEN_MULTIPLY expression
      Shift derivation
        expression
        ↳ 17: expression TOKEN_GREATER expression
                                       ↳ 23: expression • TOKEN_MULTIPLY expression
      Reduce derivation
        expression
        ↳ 23: expression                                  TOKEN_MULTIPLY expression
              ↳ 17: expression TOKEN_GREATER expression •

    shift/reduce conflict on token TOKEN_DIVIDE:
       17 expression: expression TOKEN_GREATER expression •
       24 expression: expression • TOKEN_DIVIDE expression
      Example: expression TOKEN_GREATER expression • TOKEN_DIVIDE expression
      Shift derivation
        expression
        ↳ 17: expression TOKEN_GREATER expression
                                       ↳ 24: expression • TOKEN_DIVIDE expression
      Reduce derivation
        expression
        ↳ 24: expression                                  TOKEN_DIVIDE expression
              ↳ 17: expression TOKEN_GREATER expression •



Estado 39

   16 expression: expression • TOKEN_COMPARE expression
   17           | expression • TOKEN_GREATER expression
   18           | expression • TOKEN_LESS expression
   18           | expression TOKEN_LESS expression •
   19           | expression • TOKEN_GREATER_EQUAL expression
   20           | expression • TOKEN_LESS_EQUAL expression
   21           | expression • TOKEN_PLUS expression
   22           | expression • TOKEN_MINUS expression
   23           | expression • TOKEN_MULTIPLY expression
   24           | expression • TOKEN_DIVIDE expression

    TOKEN_COMPARE        desplazar e ir al estado 24
    TOKEN_GREATER        desplazar e ir al estado 25
    TOKEN_LESS           desplazar e ir al estado 26
    TOKEN_LESS_EQUAL     desplazar e ir al estado 27
    TOKEN_GREATER_EQUAL  desplazar e ir al estado 28
    TOKEN_PLUS           desplazar e ir al estado 29
    TOKEN_MINUS          desplazar e ir al estado 30
    TOKEN_MULTIPLY       desplazar e ir al estado 31
    TOKEN_DIVIDE         desplazar e ir al estado 32

    TOKEN_COMPARE        [reduce usando la regla 18 (expression)]
    TOKEN_GREATER        [reduce usando la regla 18 (expression)]
    TOKEN_LESS           [reduce usando la regla 18 (expression)]
    TOKEN_LESS_EQUAL     [reduce usando la regla 18 (expression)]
    TOKEN_GREATER_EQUAL  [reduce usando la regla 18 (expression)]
    TOKEN_PLUS           [reduce usando la regla 18 (expression)]
    TOKEN_MINUS          [reduce usando la regla 18 (expression)]
    TOKEN_MULTIPLY       [reduce usando la regla 18 (expression)]
    TOKEN_DIVIDE         [reduce usando la regla 18 (expression)]
    $default             reduce usando la regla 18 (expression)

    shift/reduce conflict on token TOKEN_COMPARE:
       18 expression: expression TOKEN_LESS expression •
       16 expression: expression • TOKEN_COMPARE expression
      Example: expression TOKEN_LESS expression • TOKEN_COMPARE expression
      Shift derivation
        expression
        ↳ 18: expression TOKEN_LESS expression
                                    ↳ 16: expression • TOKEN_COMPARE expression
      Reduce derivation
        expression
        ↳ 16: expression                               TOKEN_COMPARE expression
              ↳ 18: expression TOKEN_LESS expression •

    shift/reduce conflict on token TOKEN_GREATER:
       18 expression: expression TOKEN_LESS expression •
       17 expression: expression • TOKEN_GREATER expression
      Example: expression TOKEN_LESS expression • TOKEN_GREATER expression
      Shift derivation
        expression
        ↳ 18: expression TOKEN_LESS expression
                                    ↳ 17: expression • TOKEN_GREATER expression
      Reduce derivation
        expression
        ↳ 17: expression                               TOKEN_GREATER expression
              ↳ 18: expression TOKEN_LESS expression •

    shift/reduce conflict on token TOKEN_LESS:
       18 expression: expression TOKEN_LESS expression •
       18 expression: expression • TOKEN_LESS expression
      Example: expression TOKEN_LESS expression • TOKEN_LESS expression
      Shift derivation
        expression
        ↳ 18: expression TOKEN_LESS expression
                                    ↳ 18: expression • TOKEN_LESS expression
      Reduce derivation
        expression
        ↳ 18: expression                               TOKEN_LESS expression
              ↳ 18: expression TOKEN_LESS expression •

    shift/reduce conflict on token TOKEN_GREATER_EQUAL:
       18 expression: expression TOKEN_LESS expression •
       19 expression: expression • TOKEN_GREATER_EQUAL expression
      Example: expression TOKEN_LESS expression • TOKEN_GREATER_EQUAL expression
      Shift derivation
        expression
        ↳ 18: expression TOKEN_LESS expression
                                    ↳ 19: expression • TOKEN_GREATER_EQUAL expression
      Reduce derivation
        expression
        ↳ 19: expression                               TOKEN_GREATER_EQUAL expression
              ↳ 18: expression TOKEN_LESS expression •

    shift/reduce conflict on token TOKEN_LESS_EQUAL:
       18 expression: expression TOKEN_LESS expression •
       20 expression: expression • TOKEN_LESS_EQUAL expression
      Example: expression TOKEN_LESS expression • TOKEN_LESS_EQUAL expression
      Shift derivation
        expression
        ↳ 18: expression TOKEN_LESS expression
                                    ↳ 20: expression • TOKEN_LESS_EQUAL expression
      Reduce derivation
        expression
        ↳ 20: expression                               TOKEN_LESS_EQUAL expression
              ↳ 18: expression TOKEN_LESS expression •

    shift/reduce conflict on token TOKEN_PLUS:
       18 expression: expression TOKEN_LESS expression •
       21 expression: expression • TOKEN_PLUS expression
      Example: expression TOKEN_LESS expression • TOKEN_PLUS expression
      Shift derivation
        expression
        ↳ 18: expression TOKEN_LESS expression
                                    ↳ 21: expression • TOKEN_PLUS expression
      Reduce derivation
        expression
        ↳ 21: expression                               TOKEN_PLUS expression
              ↳ 18: expression TOKEN_LESS expression •

    shift/reduce conflict on token TOKEN_MINUS:
       18 expression: expression TOKEN_LESS expression •
       22 expression: expression • TOKEN_MINUS expression
      Example: expression TOKEN_LESS expression • TOKEN_MINUS expression
      Shift derivation
        expression
        ↳ 18: expression TOKEN_LESS expression
                                    ↳ 22: expression • TOKEN_MINUS expression
      Reduce derivation
        expression
        ↳ 22: expression                               TOKEN_MINUS expression
              ↳ 18: expression TOKEN_LESS expression •

    shift/reduce conflict on token TOKEN_MULTIPLY:
       18 expression: expression TOKEN_LESS expression •
       23 expression: expression • TOKEN_MULTIPLY expression
      Example: expression TOKEN_LESS expression • TOKEN_MULTIPLY expression
      Shift derivation
        expression
        ↳ 18: expression TOKEN_LESS expression
                                    ↳ 23: expression • TOKEN_MULTIPLY expression
      Reduce derivation
        expression
        ↳ 23: expression                               TOKEN_MULTIPLY expression
              ↳ 18: expression TOKEN_LESS expression •

    shift/reduce conflict on token TOKEN_DIVIDE:
       18 expression: expression TOKEN_LESS expression •
       24 expression: expression • TOKEN_DIVIDE expression
      Example: expression TOKEN_LESS expression • TOKEN_DIVIDE expression
      Shift derivation
        expression
        ↳ 18: expression TOKEN_LESS expression
                                    ↳ 24: expression • TOKEN_DIVIDE expression
      Reduce derivation
        expression
        ↳ 24: expression                               TOKEN_DIVIDE expression
              ↳ 18: expression TOKEN_LESS expression •



Estado 40

   16 expression: expression • TOKEN_COMPARE expression
   17           | expression • TOKEN_GREATER expression
   18           | expression • TOKEN_LESS expression
   19           | expression • TOKEN_GREATER_EQUAL expression
   20           | expression • TOKEN_LESS_EQUAL expression
   20           | expression TOKEN_LESS_EQUAL expression •
   21           | expression • TOKEN_PLUS expression
   22           | expression • TOKEN_MINUS expression
   23           | expression • TOKEN_MULTIPLY expression
   24           | expression • TOKEN_DIVIDE expression

    TOKEN_COMPARE        desplazar e ir al estado 24
    TOKEN_GREATER        desplazar e ir al estado 25
    TOKEN_LESS           desplazar e ir al estado 26
    TOKEN_LESS_EQUAL     desplazar e ir al estado 27
    TOKEN_GREATER_EQUAL  desplazar e ir al estado 28
    TOKEN_PLUS           desplazar e ir al estado 29
    TOKEN_MINUS          desplazar e ir al estado 30
    TOKEN_MULTIPLY       desplazar e ir al estado 31
    TOKEN_DIVIDE         desplazar e ir al estado 32

    TOKEN_COMPARE        [reduce usando la regla 20 (expression)]
    TOKEN_GREATER        [reduce usando la regla 20 (expression)]
    TOKEN_LESS           [reduce usando la regla 20 (expression)]
    TOKEN_LESS_EQUAL     [reduce usando la regla 20 (expression)]
    TOKEN_GREATER_EQUAL  [reduce usando la regla 20 (expression)]
    TOKEN_PLUS           [reduce usando la regla 20 (expression)]
    TOKEN_MINUS          [reduce usando la regla 20 (expression)]
    TOKEN_MULTIPLY       [reduce usando la regla 20 (expression)]
    TOKEN_DIVIDE         [reduce usando la regla 20 (expression)]
    $default             reduce usando la regla 20 (expression)

    shift/reduce conflict on token TOKEN_COMPARE:
       20 expression: expression TOKEN_LESS_EQUAL expression •
       16 expression: expression • TOKEN_COMPARE expression
      Example: expression TOKEN_LESS_EQUAL expression • TOKEN_COMPARE expression
      Shift derivation
        expression
        ↳ 20: expression TOKEN_LESS_EQUAL expression
                                          ↳ 16: expression • TOKEN_COMPARE expression
      Reduce derivation
        expression
        ↳ 16: expression                                     TOKEN_COMPARE expression
              ↳ 20: expression TOKEN_LESS_EQUAL expression •

    shift/reduce conflict on token TOKEN_GREATER:
       20 expression: expression TOKEN_LESS_EQUAL expression •
       17 expression: expression • TOKEN_GREATER expression
      Example: expression TOKEN_LESS_EQUAL expression • TOKEN_GREATER expression
      Shift derivation
        expression
        ↳ 20: expression TOKEN_LESS_EQUAL expression
                                          ↳ 17: expression • TOKEN_GREATER expression
      Reduce derivation
        expression
        ↳ 17: expression                                     TOKEN_GREATER expression
              ↳ 20: expression TOKEN_LESS_EQUAL expression •

    shift/reduce conflict on token TOKEN_LESS:
       20 expression: expression TOKEN_LESS_EQUAL expression •
       18 expression: expression • TOKEN_LESS expression
      Example: expression TOKEN_LESS_EQUAL expression • TOKEN_LESS expression
      Shift derivation
        expression
        ↳ 20: expression TOKEN_LESS_EQUAL expression
                                          ↳ 18: expression • TOKEN_LESS expression
      Reduce derivation
        expression
        ↳ 18: expression                                     TOKEN_LESS expression
              ↳ 20: expression TOKEN_LESS_EQUAL expression •

    shift/reduce conflict on token TOKEN_GREATER_EQUAL:
       20 expression: expression TOKEN_LESS_EQUAL expression •
       19 expression: expression • TOKEN_GREATER_EQUAL expression
      Example: expression TOKEN_LESS_EQUAL expression • TOKEN_GREATER_EQUAL expression
      Shift derivation
        expression
        ↳ 20: expression TOKEN_LESS_EQUAL expression
                                          ↳ 19: expression • TOKEN_GREATER_EQUAL expression
      Reduce derivation
        expression
        ↳ 19: expression                                     TOKEN_GREATER_EQUAL expression
              ↳ 20: expression TOKEN_LESS_EQUAL expression •

    shift/reduce conflict on token TOKEN_LESS_EQUAL:
       20 expression: expression TOKEN_LESS_EQUAL expression •
       20 expression: expression • TOKEN_LESS_EQUAL expression
      Example: expression TOKEN_LESS_EQUAL expression • TOKEN_LESS_EQUAL expression
      Shift derivation
        expression
        ↳ 20: expression TOKEN_LESS_EQUAL expression
                                          ↳ 20: expression • TOKEN_LESS_EQUAL expression
      Reduce derivation
        expression
        ↳ 20: expression                                     TOKEN_LESS_EQUAL expression
              ↳ 20: expression TOKEN_LESS_EQUAL expression •

    shift/reduce conflict on token TOKEN_PLUS:
       20 expression: expression TOKEN_LESS_EQUAL expression •
       21 expression: expression • TOKEN_PLUS expression
      Example: expression TOKEN_LESS_EQUAL expression • TOKEN_PLUS expression
      Shift derivation
        expression
        ↳ 20: expression TOKEN_LESS_EQUAL expression
                                          ↳ 21: expression • TOKEN_PLUS expression
      Reduce derivation
        expression
        ↳ 21: expression                                     TOKEN_PLUS expression
              ↳ 20: expression TOKEN_LESS_EQUAL expression •

    shift/reduce conflict on token TOKEN_MINUS:
       20 expression: expression TOKEN_LESS_EQUAL expression •
       22 expression: expression • TOKEN_MINUS expression
      Example: expression TOKEN_LESS_EQUAL expression • TOKEN_MINUS expression
      Shift derivation
        expression
        ↳ 20: expression TOKEN_LESS_EQUAL expression
                                          ↳ 22: expression • TOKEN_MINUS expression
      Reduce derivation
        expression
        ↳ 22: expression                                     TOKEN_MINUS expression
              ↳ 20: expression TOKEN_LESS_EQUAL expression •

    shift/reduce conflict on token TOKEN_MULTIPLY:
       20 expression: expression TOKEN_LESS_EQUAL expression •
       23 expression: expression • TOKEN_MULTIPLY expression
      Example: expression TOKEN_LESS_EQUAL expression • TOKEN_MULTIPLY expression
      Shift derivation
        expression
        ↳ 20: expression TOKEN_LESS_EQUAL expression
                                          ↳ 23: expression • TOKEN_MULTIPLY expression
      Reduce derivation
        expression
        ↳ 23: expression                                     TOKEN_MULTIPLY expression
              ↳ 20: expression TOKEN_LESS_EQUAL expression •

    shift/reduce conflict on token TOKEN_DIVIDE:
       20 expression: expression TOKEN_LESS_EQUAL expression •
       24 expression: expression • TOKEN_DIVIDE expression
      Example: expression TOKEN_LESS_EQUAL expression • TOKEN_DIVIDE expression
      Shift derivation
        expression
        ↳ 20: expression TOKEN_LESS_EQUAL expression
                                          ↳ 24: expression • TOKEN_DIVIDE expression
      Reduce derivation
        expression
        ↳ 24: expression                                     TOKEN_DIVIDE expression
              ↳ 20: expression TOKEN_LESS_EQUAL expression •



Estado 41

   16 expression: expression • TOKEN_COMPARE expression
   17           | expression • TOKEN_GREATER expression
   18           | expression • TOKEN_LESS expression
   19           | expression • TOKEN_GREATER_EQUAL expression
   19           | expression TOKEN_GREATER_EQUAL expression •
   20           | expression • TOKEN_LESS_EQUAL expression
   21           | expression • TOKEN_PLUS expression
   22           | expression • TOKEN_MINUS expression
   23           | expression • TOKEN_MULTIPLY expression
   24           | expression • TOKEN_DIVIDE expression

    TOKEN_COMPARE        desplazar e ir al estado 24
    TOKEN_GREATER        desplazar e ir al estado 25
    TOKEN_LESS           desplazar e ir al estado 26
    TOKEN_LESS_EQUAL     desplazar e ir al estado 27
    TOKEN_GREATER_EQUAL  desplazar e ir al estado 28
    TOKEN_PLUS           desplazar e ir al estado 29
    TOKEN_MINUS          desplazar e ir al estado 30
    TOKEN_MULTIPLY       desplazar e ir al estado 31
    TOKEN_DIVIDE         desplazar e ir al estado 32

    TOKEN_COMPARE        [reduce usando la regla 19 (expression)]
    TOKEN_GREATER        [reduce usando la regla 19 (expression)]
    TOKEN_LESS           [reduce usando la regla 19 (expression)]
    TOKEN_LESS_EQUAL     [reduce usando la regla 19 (expression)]
    TOKEN_GREATER_EQUAL  [reduce usando la regla 19 (expression)]
    TOKEN_PLUS           [reduce usando la regla 19 (expression)]
    TOKEN_MINUS          [reduce usando la regla 19 (expression)]
    TOKEN_MULTIPLY       [reduce usando la regla 19 (expression)]
    TOKEN_DIVIDE         [reduce usando la regla 19 (expression)]
    $default             reduce usando la regla 19 (expression)

    shift/reduce conflict on token TOKEN_COMPARE:
       19 expression: expression TOKEN_GREATER_EQUAL expression •
       16 expression: expression • TOKEN_COMPARE expression
      Example: expression TOKEN_GREATER_EQUAL expression • TOKEN_COMPARE expression
      Shift derivation
        expression
        ↳ 19: expression TOKEN_GREATER_EQUAL expression
                                             ↳ 16: expression • TOKEN_COMPARE expression
      Reduce derivation
        expression
        ↳ 16: expression                                        TOKEN_COMPARE expression
              ↳ 19: expression TOKEN_GREATER_EQUAL expression •

    shift/reduce conflict on token TOKEN_GREATER:
       19 expression: expression TOKEN_GREATER_EQUAL expression •
       17 expression: expression • TOKEN_GREATER expression
      Example: expression TOKEN_GREATER_EQUAL expression • TOKEN_GREATER expression
      Shift derivation
        expression
        ↳ 19: expression TOKEN_GREATER_EQUAL expression
                                             ↳ 17: expression • TOKEN_GREATER expression
      Reduce derivation
        expression
        ↳ 17: expression                                        TOKEN_GREATER expression
              ↳ 19: expression TOKEN_GREATER_EQUAL expression •

    shift/reduce conflict on token TOKEN_LESS:
       19 expression: expression TOKEN_GREATER_EQUAL expression •
       18 expression: expression • TOKEN_LESS expression
      Example: expression TOKEN_GREATER_EQUAL expression • TOKEN_LESS expression
      Shift derivation
        expression
        ↳ 19: expression TOKEN_GREATER_EQUAL expression
                                             ↳ 18: expression • TOKEN_LESS expression
      Reduce derivation
        expression
        ↳ 18: expression                                        TOKEN_LESS expression
              ↳ 19: expression TOKEN_GREATER_EQUAL expression •

    shift/reduce conflict on token TOKEN_GREATER_EQUAL:
       19 expression: expression TOKEN_GREATER_EQUAL expression •
       19 expression: expression • TOKEN_GREATER_EQUAL expression
      Example: expression TOKEN_GREATER_EQUAL expression • TOKEN_GREATER_EQUAL expression
      Shift derivation
        expression
        ↳ 19: expression TOKEN_GREATER_EQUAL expression
                                             ↳ 19: expression • TOKEN_GREATER_EQUAL expression
      Reduce derivation
        expression
        ↳ 19: expression                                        TOKEN_GREATER_EQUAL expression
              ↳ 19: expression TOKEN_GREATER_EQUAL expression •

    shift/reduce conflict on token TOKEN_LESS_EQUAL:
       19 expression: expression TOKEN_GREATER_EQUAL expression •
       20 expression: expression • TOKEN_LESS_EQUAL expression
      Example: expression TOKEN_GREATER_EQUAL expression • TOKEN_LESS_EQUAL expression
      Shift derivation
        expression
        ↳ 19: expression TOKEN_GREATER_EQUAL expression
                                             ↳ 20: expression • TOKEN_LESS_EQUAL expression
      Reduce derivation
        expression
        ↳ 20: expression                                        TOKEN_LESS_EQUAL expression
              ↳ 19: expression TOKEN_GREATER_EQUAL expression •

    shift/reduce conflict on token TOKEN_PLUS:
       19 expression: expression TOKEN_GREATER_EQUAL expression •
       21 expression: expression • TOKEN_PLUS expression
      Example: expression TOKEN_GREATER_EQUAL expression • TOKEN_PLUS expression
      Shift derivation
        expression
        ↳ 19: expression TOKEN_GREATER_EQUAL expression
                                             ↳ 21: expression • TOKEN_PLUS expression
      Reduce derivation
        expression
        ↳ 21: expression                                        TOKEN_PLUS expression
              ↳ 19: expression TOKEN_GREATER_EQUAL expression •

    shift/reduce conflict on token TOKEN_MINUS:
       19 expression: expression TOKEN_GREATER_EQUAL expression •
       22 expression: expression • TOKEN_MINUS expression
      Example: expression TOKEN_GREATER_EQUAL expression • TOKEN_MINUS expression
      Shift derivation
        expression
        ↳ 19: expression TOKEN_GREATER_EQUAL expression
                                             ↳ 22: expression • TOKEN_MINUS expression
      Reduce derivation
        expression
        ↳ 22: expression                                        TOKEN_MINUS expression
              ↳ 19: expression TOKEN_GREATER_EQUAL expression •

    shift/reduce conflict on token TOKEN_MULTIPLY:
       19 expression: expression TOKEN_GREATER_EQUAL expression •
       23 expression: expression • TOKEN_MULTIPLY expression
      Example: expression TOKEN_GREATER_EQUAL expression • TOKEN_MULTIPLY expression
      Shift derivation
        expression
        ↳ 19: expression TOKEN_GREATER_EQUAL expression
                                             ↳ 23: expression • TOKEN_MULTIPLY expression
      Reduce derivation
        expression
        ↳ 23: expression                                        TOKEN_MULTIPLY expression
              ↳ 19: expression TOKEN_GREATER_EQUAL expression •

    shift/reduce conflict on token TOKEN_DIVIDE:
       19 expression: expression TOKEN_GREATER_EQUAL expression •
       24 expression: expression • TOKEN_DIVIDE expression
      Example: expression TOKEN_GREATER_EQUAL expression • TOKEN_DIVIDE expression
      Shift derivation
        expression
        ↳ 19: expression TOKEN_GREATER_EQUAL expression
                                             ↳ 24: expression • TOKEN_DIVIDE expression
      Reduce derivation
        expression
        ↳ 24: expression                                        TOKEN_DIVIDE expression
              ↳ 19: expression TOKEN_GREATER_EQUAL expression •



Estado 42

   16 expression: expression • TOKEN_COMPARE expression
   17           | expression • TOKEN_GREATER expression
   18           | expression • TOKEN_LESS expression
   19           | expression • TOKEN_GREATER_EQUAL expression
   20           | expression • TOKEN_LESS_EQUAL expression
   21           | expression • TOKEN_PLUS expression
   21           | expression TOKEN_PLUS expression •
   22           | expression • TOKEN_MINUS expression
   23           | expression • TOKEN_MULTIPLY expression
   24           | expression • TOKEN_DIVIDE expression

    TOKEN_COMPARE        desplazar e ir al estado 24
    TOKEN_GREATER        desplazar e ir al estado 25
    TOKEN_LESS           desplazar e ir al estado 26
    TOKEN_LESS_EQUAL     desplazar e ir al estado 27
    TOKEN_GREATER_EQUAL  desplazar e ir al estado 28
    TOKEN_MULTIPLY       desplazar e ir al estado 31
    TOKEN_DIVIDE         desplazar e ir al estado 32

    TOKEN_COMPARE        [reduce usando la regla 21 (expression)]
    TOKEN_GREATER        [reduce usando la regla 21 (expression)]
    TOKEN_LESS           [reduce usando la regla 21 (expression)]
    TOKEN_LESS_EQUAL     [reduce usando la regla 21 (expression)]
    TOKEN_GREATER_EQUAL  [reduce usando la regla 21 (expression)]
    $default             reduce usando la regla 21 (expression)

    shift/reduce conflict on token TOKEN_COMPARE:
       21 expression: expression TOKEN_PLUS expression •
       16 expression: expression • TOKEN_COMPARE expression
      Example: expression TOKEN_PLUS expression • TOKEN_COMPARE expression
      Shift derivation
        expression
        ↳ 21: expression TOKEN_PLUS expression
                                    ↳ 16: expression • TOKEN_COMPARE expression
      Reduce derivation
        expression
        ↳ 16: expression                               TOKEN_COMPARE expression
              ↳ 21: expression TOKEN_PLUS expression •

    shift/reduce conflict on token TOKEN_GREATER:
       21 expression: expression TOKEN_PLUS expression •
       17 expression: expression • TOKEN_GREATER expression
      Example: expression TOKEN_PLUS expression • TOKEN_GREATER expression
      Shift derivation
        expression
        ↳ 21: expression TOKEN_PLUS expression
                                    ↳ 17: expression • TOKEN_GREATER expression
      Reduce derivation
        expression
        ↳ 17: expression                               TOKEN_GREATER expression
              ↳ 21: expression TOKEN_PLUS expression •

    shift/reduce conflict on token TOKEN_LESS:
       21 expression: expression TOKEN_PLUS expression •
       18 expression: expression • TOKEN_LESS expression
      Example: expression TOKEN_PLUS expression • TOKEN_LESS expression
      Shift derivation
        expression
        ↳ 21: expression TOKEN_PLUS expression
                                    ↳ 18: expression • TOKEN_LESS expression
      Reduce derivation
        expression
        ↳ 18: expression                               TOKEN_LESS expression
              ↳ 21: expression TOKEN_PLUS expression •

    shift/reduce conflict on token TOKEN_GREATER_EQUAL:
       21 expression: expression TOKEN_PLUS expression •
       19 expression: expression • TOKEN_GREATER_EQUAL expression
      Example: expression TOKEN_PLUS expression • TOKEN_GREATER_EQUAL expression
      Shift derivation
        expression
        ↳ 21: expression TOKEN_PLUS expression
                                    ↳ 19: expression • TOKEN_GREATER_EQUAL expression
      Reduce derivation
        expression
        ↳ 19: expression                               TOKEN_GREATER_EQUAL expression
              ↳ 21: expression TOKEN_PLUS expression •

    shift/reduce conflict on token TOKEN_LESS_EQUAL:
       21 expression: expression TOKEN_PLUS expression •
       20 expression: expression • TOKEN_LESS_EQUAL expression
      Example: expression TOKEN_PLUS expression • TOKEN_LESS_EQUAL expression
      Shift derivation
        expression
        ↳ 21: expression TOKEN_PLUS expression
                                    ↳ 20: expression • TOKEN_LESS_EQUAL expression
      Reduce derivation
        expression
        ↳ 20: expression                               TOKEN_LESS_EQUAL expression
              ↳ 21: expression TOKEN_PLUS expression •



Estado 43

   16 expression: expression • TOKEN_COMPARE expression
   17           | expression • TOKEN_GREATER expression
   18           | expression • TOKEN_LESS expression
   19           | expression • TOKEN_GREATER_EQUAL expression
   20           | expression • TOKEN_LESS_EQUAL expression
   21           | expression • TOKEN_PLUS expression
   22           | expression • TOKEN_MINUS expression
   22           | expression TOKEN_MINUS expression •
   23           | expression • TOKEN_MULTIPLY expression
   24           | expression • TOKEN_DIVIDE expression

    TOKEN_COMPARE        desplazar e ir al estado 24
    TOKEN_GREATER        desplazar e ir al estado 25
    TOKEN_LESS           desplazar e ir al estado 26
    TOKEN_LESS_EQUAL     desplazar e ir al estado 27
    TOKEN_GREATER_EQUAL  desplazar e ir al estado 28
    TOKEN_MULTIPLY       desplazar e ir al estado 31
    TOKEN_DIVIDE         desplazar e ir al estado 32

    TOKEN_COMPARE        [reduce usando la regla 22 (expression)]
    TOKEN_GREATER        [reduce usando la regla 22 (expression)]
    TOKEN_LESS           [reduce usando la regla 22 (expression)]
    TOKEN_LESS_EQUAL     [reduce usando la regla 22 (expression)]
    TOKEN_GREATER_EQUAL  [reduce usando la regla 22 (expression)]
    $default             reduce usando la regla 22 (expression)

    shift/reduce conflict on token TOKEN_COMPARE:
       22 expression: expression TOKEN_MINUS expression •
       16 expression: expression • TOKEN_COMPARE expression
      Example: expression TOKEN_MINUS expression • TOKEN_COMPARE expression
      Shift derivation
        expression
        ↳ 22: expression TOKEN_MINUS expression
                                     ↳ 16: expression • TOKEN_COMPARE expression
      Reduce derivation
        expression
        ↳ 16: expression                                TOKEN_COMPARE expression
              ↳ 22: expression TOKEN_MINUS expression •

    shift/reduce conflict on token TOKEN_GREATER:
       22 expression: expression TOKEN_MINUS expression •
       17 expression: expression • TOKEN_GREATER expression
      Example: expression TOKEN_MINUS expression • TOKEN_GREATER expression
      Shift derivation
        expression
        ↳ 22: expression TOKEN_MINUS expression
                                     ↳ 17: expression • TOKEN_GREATER expression
      Reduce derivation
        expression
        ↳ 17: expression                                TOKEN_GREATER expression
              ↳ 22: expression TOKEN_MINUS expression •

    shift/reduce conflict on token TOKEN_LESS:
       22 expression: expression TOKEN_MINUS expression •
       18 expression: expression • TOKEN_LESS expression
      Example: expression TOKEN_MINUS expression • TOKEN_LESS expression
      Shift derivation
        expression
        ↳ 22: expression TOKEN_MINUS expression
                                     ↳ 18: expression • TOKEN_LESS expression
      Reduce derivation
        expression
        ↳ 18: expression                                TOKEN_LESS expression
              ↳ 22: expression TOKEN_MINUS expression •

    shift/reduce conflict on token TOKEN_GREATER_EQUAL:
       22 expression: expression TOKEN_MINUS expression •
       19 expression: expression • TOKEN_GREATER_EQUAL expression
      Example: expression TOKEN_MINUS expression • TOKEN_GREATER_EQUAL expression
      Shift derivation
        expression
        ↳ 22: expression TOKEN_MINUS expression
                                     ↳ 19: expression • TOKEN_GREATER_EQUAL expression
      Reduce derivation
        expression
        ↳ 19: expression                                TOKEN_GREATER_EQUAL expression
              ↳ 22: expression TOKEN_MINUS expression •

    shift/reduce conflict on token TOKEN_LESS_EQUAL:
       22 expression: expression TOKEN_MINUS expression •
       20 expression: expression • TOKEN_LESS_EQUAL expression
      Example: expression TOKEN_MINUS expression • TOKEN_LESS_EQUAL expression
      Shift derivation
        expression
        ↳ 22: expression TOKEN_MINUS expression
                                     ↳ 20: expression • TOKEN_LESS_EQUAL expression
      Reduce derivation
        expression
        ↳ 20: expression                                TOKEN_LESS_EQUAL expression
              ↳ 22: expression TOKEN_MINUS expression •



Estado 44

   16 expression: expression • TOKEN_COMPARE expression
   17           | expression • TOKEN_GREATER expression
   18           | expression • TOKEN_LESS expression
   19           | expression • TOKEN_GREATER_EQUAL expression
   20           | expression • TOKEN_LESS_EQUAL expression
   21           | expression • TOKEN_PLUS expression
   22           | expression • TOKEN_MINUS expression
   23           | expression • TOKEN_MULTIPLY expression
   23           | expression TOKEN_MULTIPLY expression •
   24           | expression • TOKEN_DIVIDE expression

    TOKEN_COMPARE        desplazar e ir al estado 24
    TOKEN_GREATER        desplazar e ir al estado 25
    TOKEN_LESS           desplazar e ir al estado 26
    TOKEN_LESS_EQUAL     desplazar e ir al estado 27
    TOKEN_GREATER_EQUAL  desplazar e ir al estado 28

    TOKEN_COMPARE        [reduce usando la regla 23 (expression)]
    TOKEN_GREATER        [reduce usando la regla 23 (expression)]
    TOKEN_LESS           [reduce usando la regla 23 (expression)]
    TOKEN_LESS_EQUAL     [reduce usando la regla 23 (expression)]
    TOKEN_GREATER_EQUAL  [reduce usando la regla 23 (expression)]
    $default             reduce usando la regla 23 (expression)

    shift/reduce conflict on token TOKEN_COMPARE:
       23 expression: expression TOKEN_MULTIPLY expression •
       16 expression: expression • TOKEN_COMPARE expression
      Example: expression TOKEN_MULTIPLY expression • TOKEN_COMPARE expression
      Shift derivation
        expression
        ↳ 23: expression TOKEN_MULTIPLY expression
                                        ↳ 16: expression • TOKEN_COMPARE expression
      Reduce derivation
        expression
        ↳ 16: expression                                   TOKEN_COMPARE expression
              ↳ 23: expression TOKEN_MULTIPLY expression •

    shift/reduce conflict on token TOKEN_GREATER:
       23 expression: expression TOKEN_MULTIPLY expression •
       17 expression: expression • TOKEN_GREATER expression
      Example: expression TOKEN_MULTIPLY expression • TOKEN_GREATER expression
      Shift derivation
        expression
        ↳ 23: expression TOKEN_MULTIPLY expression
                                        ↳ 17: expression • TOKEN_GREATER expression
      Reduce derivation
        expression
        ↳ 17: expression                                   TOKEN_GREATER expression
              ↳ 23: expression TOKEN_MULTIPLY expression •

    shift/reduce conflict on token TOKEN_LESS:
       23 expression: expression TOKEN_MULTIPLY expression •
       18 expression: expression • TOKEN_LESS expression
      Example: expression TOKEN_MULTIPLY expression • TOKEN_LESS expression
      Shift derivation
        expression
        ↳ 23: expression TOKEN_MULTIPLY expression
                                        ↳ 18: expression • TOKEN_LESS expression
      Reduce derivation
        expression
        ↳ 18: expression                                   TOKEN_LESS expression
              ↳ 23: expression TOKEN_MULTIPLY expression •

    shift/reduce conflict on token TOKEN_GREATER_EQUAL:
       23 expression: expression TOKEN_MULTIPLY expression •
       19 expression: expression • TOKEN_GREATER_EQUAL expression
      Example: expression TOKEN_MULTIPLY expression • TOKEN_GREATER_EQUAL expression
      Shift derivation
        expression
        ↳ 23: expression TOKEN_MULTIPLY expression
                                        ↳ 19: expression • TOKEN_GREATER_EQUAL expression
      Reduce derivation
        expression
        ↳ 19: expression                                   TOKEN_GREATER_EQUAL expression
              ↳ 23: expression TOKEN_MULTIPLY expression •

    shift/reduce conflict on token TOKEN_LESS_EQUAL:
       23 expression: expression TOKEN_MULTIPLY expression •
       20 expression: expression • TOKEN_LESS_EQUAL expression
      Example: expression TOKEN_MULTIPLY expression • TOKEN_LESS_EQUAL expression
      Shift derivation
        expression
        ↳ 23: expression TOKEN_MULTIPLY expression
                                        ↳ 20: expression • TOKEN_LESS_EQUAL expression
      Reduce derivation
        expression
        ↳ 20: expression                                   TOKEN_LESS_EQUAL expression
              ↳ 23: expression TOKEN_MULTIPLY expression •



Estado 45

   16 expression: expression • TOKEN_COMPARE expression
   17           | expression • TOKEN_GREATER expression
   18           | expression • TOKEN_LESS expression
   19           | expression • TOKEN_GREATER_EQUAL expression
   20           | expression • TOKEN_LESS_EQUAL expression
   21           | expression • TOKEN_PLUS expression
   22           | expression • TOKEN_MINUS expression
   23           | expression • TOKEN_MULTIPLY expression
   24           | expression • TOKEN_DIVIDE expression
   24           | expression TOKEN_DIVIDE expression •

    TOKEN_COMPARE        desplazar e ir al estado 24
    TOKEN_GREATER        desplazar e ir al estado 25
    TOKEN_LESS           desplazar e ir al estado 26
    TOKEN_LESS_EQUAL     desplazar e ir al estado 27
    TOKEN_GREATER_EQUAL  desplazar e ir al estado 28

    TOKEN_COMPARE        [reduce usando la regla 24 (expression)]
    TOKEN_GREATER        [reduce usando la regla 24 (expression)]
    TOKEN_LESS           [reduce usando la regla 24 (expression)]
    TOKEN_LESS_EQUAL     [reduce usando la regla 24 (expression)]
    TOKEN_GREATER_EQUAL  [reduce usando la regla 24 (expression)]
    $default             reduce usando la regla 24 (expression)

    shift/reduce conflict on token TOKEN_COMPARE:
       24 expression: expression TOKEN_DIVIDE expression •
       16 expression: expression • TOKEN_COMPARE expression
      Example: expression TOKEN_DIVIDE expression • TOKEN_COMPARE expression
      Shift derivation
        expression
        ↳ 24: expression TOKEN_DIVIDE expression
                                      ↳ 16: expression • TOKEN_COMPARE expression
      Reduce derivation
        expression
        ↳ 16: expression                                 TOKEN_COMPARE expression
              ↳ 24: expression TOKEN_DIVIDE expression •

    shift/reduce conflict on token TOKEN_GREATER:
       24 expression: expression TOKEN_DIVIDE expression •
       17 expression: expression • TOKEN_GREATER expression
      Example: expression TOKEN_DIVIDE expression • TOKEN_GREATER expression
      Shift derivation
        expression
        ↳ 24: expression TOKEN_DIVIDE expression
                                      ↳ 17: expression • TOKEN_GREATER expression
      Reduce derivation
        expression
        ↳ 17: expression                                 TOKEN_GREATER expression
              ↳ 24: expression TOKEN_DIVIDE expression •

    shift/reduce conflict on token TOKEN_LESS:
       24 expression: expression TOKEN_DIVIDE expression •
       18 expression: expression • TOKEN_LESS expression
      Example: expression TOKEN_DIVIDE expression • TOKEN_LESS expression
      Shift derivation
        expression
        ↳ 24: expression TOKEN_DIVIDE expression
                                      ↳ 18: expression • TOKEN_LESS expression
      Reduce derivation
        expression
        ↳ 18: expression                                 TOKEN_LESS expression
              ↳ 24: expression TOKEN_DIVIDE expression •

    shift/reduce conflict on token TOKEN_GREATER_EQUAL:
       24 expression: expression TOKEN_DIVIDE expression •
       19 expression: expression • TOKEN_GREATER_EQUAL expression
      Example: expression TOKEN_DIVIDE expression • TOKEN_GREATER_EQUAL expression
      Shift derivation
        expression
        ↳ 24: expression TOKEN_DIVIDE expression
                                      ↳ 19: expression • TOKEN_GREATER_EQUAL expression
      Reduce derivation
        expression
        ↳ 19: expression                                 TOKEN_GREATER_EQUAL expression
              ↳ 24: expression TOKEN_DIVIDE expression •

    shift/reduce conflict on token TOKEN_LESS_EQUAL:
       24 expression: expression TOKEN_DIVIDE expression •
       20 expression: expression • TOKEN_LESS_EQUAL expression
      Example: expression TOKEN_DIVIDE expression • TOKEN_LESS_EQUAL expression
      Shift derivation
        expression
        ↳ 24: expression TOKEN_DIVIDE expression
                                      ↳ 20: expression • TOKEN_LESS_EQUAL expression
      Reduce derivation
        expression
        ↳ 20: expression                                 TOKEN_LESS_EQUAL expression
              ↳ 24: expression TOKEN_DIVIDE expression •



Estado 46

   10 control_structure: TOKEN_IF expression TOKEN_COLON TOKEN_LINEBREAK • block
   11                  | TOKEN_IF expression TOKEN_COLON TOKEN_LINEBREAK • block TOKEN_ELSE TOKEN_COLON TOKEN_LINEBREAK block

    TOKEN_TAB  desplazar e ir al estado 47

    block  ir al estado 48


Estado 47

   12 block: TOKEN_TAB • statements

    $default  reduce usando la regla 6 (statements)

    statements  ir al estado 49


Estado 48

   10 control_structure: TOKEN_IF expression TOKEN_COLON TOKEN_LINEBREAK block •
   11                  | TOKEN_IF expression TOKEN_COLON TOKEN_LINEBREAK block • TOKEN_ELSE TOKEN_COLON TOKEN_LINEBREAK block

    TOKEN_ELSE  desplazar e ir al estado 50

    $default  reduce usando la regla 10 (control_structure)


Estado 49

    7 statements: statements • statement TOKEN_LINEBREAK
   12 block: TOKEN_TAB statements •

    TOKEN_IDENTIFIER  desplazar e ir al estado 9
    TOKEN_IF          desplazar e ir al estado 10

    $default  reduce usando la regla 12 (block)

    statement          ir al estado 11
    control_structure  ir al estado 12


Estado 50

   11 control_structure: TOKEN_IF expression TOKEN_COLON TOKEN_LINEBREAK block TOKEN_ELSE • TOKEN_COLON TOKEN_LINEBREAK block

    TOKEN_COLON  desplazar e ir al estado 51


Estado 51

   11 control_structure: TOKEN_IF expression TOKEN_COLON TOKEN_LINEBREAK block TOKEN_ELSE TOKEN_COLON • TOKEN_LINEBREAK block

    TOKEN_LINEBREAK  desplazar e ir al estado 52


Estado 52

   11 control_structure: TOKEN_IF expression TOKEN_COLON TOKEN_LINEBREAK block TOKEN_ELSE TOKEN_COLON TOKEN_LINEBREAK • block

    TOKEN_TAB  desplazar e ir al estado 47

    block  ir al estado 53


Estado 53

   11 control_structure: TOKEN_IF expression TOKEN_COLON TOKEN_LINEBREAK block TOKEN_ELSE TOKEN_COLON TOKEN_LINEBREAK block •

    $default  reduce usando la regla 11 (control_structure)
